{"level":"info","message":"Post service running on port 3002","service":"post-services","timestamp":"2025-04-08T06:22:34.023Z"}
{"level":"error","message":"Mongo connection error The `uri` parameter to `openUri()` must be a string, got \"undefined\". Make sure the first parameter to `mongoose.connect()` or `mongoose.createConnection()` is a string.","service":"post-services","stack":"MongooseError: The `uri` parameter to `openUri()` must be a string, got \"undefined\". Make sure the first parameter to `mongoose.connect()` or `mongoose.createConnection()` is a string.\n    at NativeConnection.createClient (C:\\Users\\AYAN HASNAIN\\Desktop\\2025\\Microservices\\post-service\\node_modules\\mongoose\\lib\\drivers\\node-mongodb-native\\connection.js:236:11)\n    at NativeConnection.openUri (C:\\Users\\AYAN HASNAIN\\Desktop\\2025\\Microservices\\post-service\\node_modules\\mongoose\\lib\\connection.js:1071:34)\n    at Mongoose.connect (C:\\Users\\AYAN HASNAIN\\Desktop\\2025\\Microservices\\post-service\\node_modules\\mongoose\\lib\\mongoose.js:450:15)\n    at Object.<anonymous> (C:\\Users\\AYAN HASNAIN\\Desktop\\2025\\Microservices\\post-service\\src\\server.js:16:4)\n    at Module._compile (node:internal/modules/cjs/loader:1554:14)\n    at Object..js (node:internal/modules/cjs/loader:1706:10)\n    at Module.load (node:internal/modules/cjs/loader:1289:32)\n    at Function._load (node:internal/modules/cjs/loader:1108:12)\n    at TracingChannel.traceSync (node:diagnostics_channel:322:14)\n    at wrapModuleLoad (node:internal/modules/cjs/loader:220:24)","timestamp":"2025-04-08T06:22:34.039Z"}
{"level":"info","message":"Post service running on port 3002","service":"post-services","timestamp":"2025-04-08T06:23:23.656Z"}
{"level":"error","message":"Mongo connection error The `uri` parameter to `openUri()` must be a string, got \"undefined\". Make sure the first parameter to `mongoose.connect()` or `mongoose.createConnection()` is a string.","service":"post-services","stack":"MongooseError: The `uri` parameter to `openUri()` must be a string, got \"undefined\". Make sure the first parameter to `mongoose.connect()` or `mongoose.createConnection()` is a string.\n    at NativeConnection.createClient (C:\\Users\\AYAN HASNAIN\\Desktop\\2025\\Microservices\\post-service\\node_modules\\mongoose\\lib\\drivers\\node-mongodb-native\\connection.js:236:11)\n    at NativeConnection.openUri (C:\\Users\\AYAN HASNAIN\\Desktop\\2025\\Microservices\\post-service\\node_modules\\mongoose\\lib\\connection.js:1071:34)\n    at Mongoose.connect (C:\\Users\\AYAN HASNAIN\\Desktop\\2025\\Microservices\\post-service\\node_modules\\mongoose\\lib\\mongoose.js:450:15)\n    at Object.<anonymous> (C:\\Users\\AYAN HASNAIN\\Desktop\\2025\\Microservices\\post-service\\src\\server.js:16:4)\n    at Module._compile (node:internal/modules/cjs/loader:1554:14)\n    at Object..js (node:internal/modules/cjs/loader:1706:10)\n    at Module.load (node:internal/modules/cjs/loader:1289:32)\n    at Function._load (node:internal/modules/cjs/loader:1108:12)\n    at TracingChannel.traceSync (node:diagnostics_channel:322:14)\n    at wrapModuleLoad (node:internal/modules/cjs/loader:220:24)","timestamp":"2025-04-08T06:23:23.671Z"}
{"level":"info","message":"Post service running on port 3002","service":"post-services","timestamp":"2025-04-08T06:24:10.474Z"}
{"level":"error","message":"Mongo connection error The `uri` parameter to `openUri()` must be a string, got \"undefined\". Make sure the first parameter to `mongoose.connect()` or `mongoose.createConnection()` is a string.","service":"post-services","stack":"MongooseError: The `uri` parameter to `openUri()` must be a string, got \"undefined\". Make sure the first parameter to `mongoose.connect()` or `mongoose.createConnection()` is a string.\n    at NativeConnection.createClient (C:\\Users\\AYAN HASNAIN\\Desktop\\2025\\Microservices\\post-service\\node_modules\\mongoose\\lib\\drivers\\node-mongodb-native\\connection.js:236:11)\n    at NativeConnection.openUri (C:\\Users\\AYAN HASNAIN\\Desktop\\2025\\Microservices\\post-service\\node_modules\\mongoose\\lib\\connection.js:1071:34)\n    at Mongoose.connect (C:\\Users\\AYAN HASNAIN\\Desktop\\2025\\Microservices\\post-service\\node_modules\\mongoose\\lib\\mongoose.js:450:15)\n    at Object.<anonymous> (C:\\Users\\AYAN HASNAIN\\Desktop\\2025\\Microservices\\post-service\\src\\server.js:16:4)\n    at Module._compile (node:internal/modules/cjs/loader:1554:14)\n    at Object..js (node:internal/modules/cjs/loader:1706:10)\n    at Module.load (node:internal/modules/cjs/loader:1289:32)\n    at Function._load (node:internal/modules/cjs/loader:1108:12)\n    at TracingChannel.traceSync (node:diagnostics_channel:322:14)\n    at wrapModuleLoad (node:internal/modules/cjs/loader:220:24)","timestamp":"2025-04-08T06:24:10.482Z"}
{"level":"info","message":"Post service running on port 3002","service":"post-services","timestamp":"2025-04-08T06:24:22.109Z"}
{"level":"error","message":"Mongo connection error The `uri` parameter to `openUri()` must be a string, got \"undefined\". Make sure the first parameter to `mongoose.connect()` or `mongoose.createConnection()` is a string.","service":"post-services","stack":"MongooseError: The `uri` parameter to `openUri()` must be a string, got \"undefined\". Make sure the first parameter to `mongoose.connect()` or `mongoose.createConnection()` is a string.\n    at NativeConnection.createClient (C:\\Users\\AYAN HASNAIN\\Desktop\\2025\\Microservices\\post-service\\node_modules\\mongoose\\lib\\drivers\\node-mongodb-native\\connection.js:236:11)\n    at NativeConnection.openUri (C:\\Users\\AYAN HASNAIN\\Desktop\\2025\\Microservices\\post-service\\node_modules\\mongoose\\lib\\connection.js:1071:34)\n    at Mongoose.connect (C:\\Users\\AYAN HASNAIN\\Desktop\\2025\\Microservices\\post-service\\node_modules\\mongoose\\lib\\mongoose.js:450:15)\n    at Object.<anonymous> (C:\\Users\\AYAN HASNAIN\\Desktop\\2025\\Microservices\\post-service\\src\\server.js:16:4)\n    at Module._compile (node:internal/modules/cjs/loader:1554:14)\n    at Object..js (node:internal/modules/cjs/loader:1706:10)\n    at Module.load (node:internal/modules/cjs/loader:1289:32)\n    at Function._load (node:internal/modules/cjs/loader:1108:12)\n    at TracingChannel.traceSync (node:diagnostics_channel:322:14)\n    at wrapModuleLoad (node:internal/modules/cjs/loader:220:24)","timestamp":"2025-04-08T06:24:22.125Z"}
{"level":"info","message":"Post service running on port 3002","service":"post-services","timestamp":"2025-04-08T06:24:29.784Z"}
{"level":"error","message":"Mongo connection error The `uri` parameter to `openUri()` must be a string, got \"undefined\". Make sure the first parameter to `mongoose.connect()` or `mongoose.createConnection()` is a string.","service":"post-services","stack":"MongooseError: The `uri` parameter to `openUri()` must be a string, got \"undefined\". Make sure the first parameter to `mongoose.connect()` or `mongoose.createConnection()` is a string.\n    at NativeConnection.createClient (C:\\Users\\AYAN HASNAIN\\Desktop\\2025\\Microservices\\post-service\\node_modules\\mongoose\\lib\\drivers\\node-mongodb-native\\connection.js:236:11)\n    at NativeConnection.openUri (C:\\Users\\AYAN HASNAIN\\Desktop\\2025\\Microservices\\post-service\\node_modules\\mongoose\\lib\\connection.js:1071:34)\n    at Mongoose.connect (C:\\Users\\AYAN HASNAIN\\Desktop\\2025\\Microservices\\post-service\\node_modules\\mongoose\\lib\\mongoose.js:450:15)\n    at Object.<anonymous> (C:\\Users\\AYAN HASNAIN\\Desktop\\2025\\Microservices\\post-service\\src\\server.js:16:4)\n    at Module._compile (node:internal/modules/cjs/loader:1554:14)\n    at Object..js (node:internal/modules/cjs/loader:1706:10)\n    at Module.load (node:internal/modules/cjs/loader:1289:32)\n    at Function._load (node:internal/modules/cjs/loader:1108:12)\n    at TracingChannel.traceSync (node:diagnostics_channel:322:14)\n    at wrapModuleLoad (node:internal/modules/cjs/loader:220:24)","timestamp":"2025-04-08T06:24:29.791Z"}
{"level":"info","message":"Post service running on port 3002","service":"post-services","timestamp":"2025-04-08T06:25:23.995Z"}
{"level":"error","message":"Mongo connection error The `uri` parameter to `openUri()` must be a string, got \"undefined\". Make sure the first parameter to `mongoose.connect()` or `mongoose.createConnection()` is a string.","service":"post-services","stack":"MongooseError: The `uri` parameter to `openUri()` must be a string, got \"undefined\". Make sure the first parameter to `mongoose.connect()` or `mongoose.createConnection()` is a string.\n    at NativeConnection.createClient (C:\\Users\\AYAN HASNAIN\\Desktop\\2025\\Microservices\\post-service\\node_modules\\mongoose\\lib\\drivers\\node-mongodb-native\\connection.js:236:11)\n    at NativeConnection.openUri (C:\\Users\\AYAN HASNAIN\\Desktop\\2025\\Microservices\\post-service\\node_modules\\mongoose\\lib\\connection.js:1071:34)\n    at Mongoose.connect (C:\\Users\\AYAN HASNAIN\\Desktop\\2025\\Microservices\\post-service\\node_modules\\mongoose\\lib\\mongoose.js:450:15)\n    at Object.<anonymous> (C:\\Users\\AYAN HASNAIN\\Desktop\\2025\\Microservices\\post-service\\src\\server.js:16:4)\n    at Module._compile (node:internal/modules/cjs/loader:1554:14)\n    at Object..js (node:internal/modules/cjs/loader:1706:10)\n    at Module.load (node:internal/modules/cjs/loader:1289:32)\n    at Function._load (node:internal/modules/cjs/loader:1108:12)\n    at TracingChannel.traceSync (node:diagnostics_channel:322:14)\n    at wrapModuleLoad (node:internal/modules/cjs/loader:220:24)","timestamp":"2025-04-08T06:25:24.007Z"}
{"level":"info","message":"Post service running on port 3002","service":"post-services","timestamp":"2025-04-08T06:25:47.968Z"}
{"level":"info","message":"Connected to mongodb","service":"post-services","timestamp":"2025-04-08T06:25:49.338Z"}
{"level":"info","message":"Post service running on port 3002","service":"post-services","timestamp":"2025-04-08T06:26:22.404Z"}
{"level":"info","message":"Connected to mongodb","service":"post-services","timestamp":"2025-04-08T06:26:23.423Z"}
{"level":"info","message":"Post service running on port 3002","service":"post-services","timestamp":"2025-04-08T06:26:31.445Z"}
{"level":"info","message":"Connected to mongodb","service":"post-services","timestamp":"2025-04-08T06:26:32.479Z"}
{"level":"info","message":"Post service running on port 3002","service":"post-services","timestamp":"2025-04-08T06:26:37.669Z"}
{"level":"info","message":"Connected to mongodb","service":"post-services","timestamp":"2025-04-08T06:26:38.641Z"}
{"level":"info","message":"Post service running on port 3002","service":"post-services","timestamp":"2025-04-08T06:26:45.366Z"}
{"level":"info","message":"Connected to mongodb","service":"post-services","timestamp":"2025-04-08T06:26:46.233Z"}
{"level":"info","message":"Post service running on port 3002","service":"post-services","timestamp":"2025-04-08T06:29:54.491Z"}
{"level":"info","message":"Connected to mongodb","service":"post-services","timestamp":"2025-04-08T06:29:55.623Z"}
{"level":"info","message":"Post service running on port 3002","service":"post-services","timestamp":"2025-04-08T06:45:37.144Z"}
{"level":"info","message":"Connected to mongodb","service":"post-services","timestamp":"2025-04-08T06:45:40.747Z"}
{"level":"info","message":"Post service running on port 3002","service":"post-services","timestamp":"2025-04-08T06:45:54.144Z"}
{"level":"info","message":"Connected to mongodb","service":"post-services","timestamp":"2025-04-08T06:45:55.064Z"}
{"level":"info","message":"Post service running on port 3002","service":"post-services","timestamp":"2025-04-08T06:45:57.834Z"}
{"level":"info","message":"Connected to mongodb","service":"post-services","timestamp":"2025-04-08T06:46:01.207Z"}
{"level":"info","message":"Post service running on port 3002","service":"post-services","timestamp":"2025-04-08T06:47:42.120Z"}
{"level":"info","message":"Connected to mongodb","service":"post-services","timestamp":"2025-04-08T06:47:43.531Z"}
{"level":"info","message":"Post service running on port 3002","service":"post-services","timestamp":"2025-04-08T06:49:21.560Z"}
{"level":"info","message":"Connected to mongodb","service":"post-services","timestamp":"2025-04-08T06:49:22.738Z"}
{"level":"info","message":"Post service running on port 3002","service":"post-services","timestamp":"2025-04-08T06:53:24.974Z"}
{"level":"info","message":"Connected to mongodb","service":"post-services","timestamp":"2025-04-08T06:53:26.449Z"}
{"level":"info","message":"Post service running on port 3002","service":"post-services","timestamp":"2025-04-08T06:55:35.803Z"}
{"level":"info","message":"Connected to mongodb","service":"post-services","timestamp":"2025-04-08T06:55:37.458Z"}
{"level":"info","message":"Post service running on port 3002","service":"post-services","timestamp":"2025-04-08T07:06:21.211Z"}
{"code":"ECONNREFUSED","hostname":"_mongodb._tcp.practicemern.lebin.mongodb.net","level":"error","message":"Mongo connection error querySrv ECONNREFUSED _mongodb._tcp.practicemern.lebin.mongodb.net","service":"post-services","stack":"Error: querySrv ECONNREFUSED _mongodb._tcp.practicemern.lebin.mongodb.net\n    at QueryReqWrap.onresolve [as oncomplete] (node:internal/dns/promises:293:17)","syscall":"querySrv","timestamp":"2025-04-08T07:06:31.410Z"}
{"level":"info","message":"🚀 Post service running on port 3002","service":"post-services","timestamp":"2025-04-08T07:07:22.274Z"}
{"level":"info","message":"✅ Connected to MongoDB","service":"post-services","timestamp":"2025-04-08T07:07:23.418Z"}
{"level":"info","message":"🚀 Post service running on port 3002","service":"post-services","timestamp":"2025-04-08T07:10:48.357Z"}
{"level":"info","message":"✅ Connected to MongoDB","service":"post-services","timestamp":"2025-04-08T07:10:50.013Z"}
{"level":"info","message":"🚀 Post service running on port 3002","service":"post-services","timestamp":"2025-04-08T07:14:01.655Z"}
{"level":"info","message":"✅ Connected to MongoDB","service":"post-services","timestamp":"2025-04-08T07:14:02.936Z"}
{"level":"info","message":"🚀 Post service running on port 3002","service":"post-services","timestamp":"2025-04-08T07:19:09.095Z"}
{"level":"info","message":"✅ Connected to MongoDB","service":"post-services","timestamp":"2025-04-08T07:19:10.617Z"}
{"level":"info","message":"🚀 Post service running on port 3002","service":"post-services","timestamp":"2025-04-08T07:21:47.758Z"}
{"level":"info","message":"✅ Connected to MongoDB","service":"post-services","timestamp":"2025-04-08T07:21:49.126Z"}
{"level":"info","message":"🚀 Post service running on port 3002","service":"post-services","timestamp":"2025-04-08T07:23:35.983Z"}
{"level":"info","message":"✅ Connected to MongoDB","service":"post-services","timestamp":"2025-04-08T07:23:37.469Z"}
{"level":"info","message":"📩 POST /api/posts/create-post","service":"post-services","timestamp":"2025-04-08T07:25:42.499Z"}
{"level":"info","message":"📦 Request body:","service":"post-services","timestamp":"2025-04-08T07:25:42.501Z"}
{"level":"info","message":"🚀 Post service running on port 3002","service":"post-services","timestamp":"2025-04-08T07:26:34.658Z"}
